{"C:\\repo3\\cyrus\\index.js": {"path":"C:\\repo3\\cyrus\\index.js","statementMap":{"0":{"start":{"line":1,"column":16},"end":{"line":1,"column":34}},"1":{"start":{"line":2,"column":16},"end":{"line":2,"column":34}},"2":{"start":{"line":3,"column":12},"end":{"line":3,"column":21}},"3":{"start":{"line":4,"column":0},"end":{"line":4,"column":31}},"4":{"start":{"line":5,"column":0},"end":{"line":5,"column":33}},"5":{"start":{"line":6,"column":0},"end":{"line":6,"column":26}},"6":{"start":{"line":7,"column":0},"end":{"line":7,"column":30}},"7":{"start":{"line":9,"column":13},"end":{"line":9,"column":37}},"8":{"start":{"line":10,"column":15},"end":{"line":10,"column":82}},"9":{"start":{"line":10,"column":37},"end":{"line":10,"column":81}},"10":{"start":{"line":11,"column":0},"end":{"line":11,"column":24}}},"fnMap":{"0":{"name":"(anonymous_0)","decl":{"start":{"line":10,"column":32},"end":{"line":10,"column":33}},"loc":{"start":{"line":10,"column":37},"end":{"line":10,"column":81}},"line":10}},"branchMap":{"0":{"loc":{"start":{"line":9,"column":13},"end":{"line":9,"column":37}},"type":"binary-expr","locations":[{"start":{"line":9,"column":13},"end":{"line":9,"column":29}},{"start":{"line":9,"column":33},"end":{"line":9,"column":37}}],"line":9}},"s":{"0":1,"1":1,"2":1,"3":1,"4":1,"5":1,"6":1,"7":1,"8":1,"9":1,"10":1},"f":{"0":1},"b":{"0":[1,1]},"_coverageSchema":"1a1c01bbd47fc00a2c39e90264f33305004495a9","hash":"0ff696dba213866834b7ea53c52b2198605883c8"}
,"C:\\repo3\\cyrus\\middleware\\auth.js": {"path":"C:\\repo3\\cyrus\\middleware\\auth.js","statementMap":{"0":{"start":{"line":1,"column":12},"end":{"line":1,"column":35}},"1":{"start":{"line":2,"column":15},"end":{"line":2,"column":32}},"2":{"start":{"line":4,"column":0},"end":{"line":14,"column":1}},"3":{"start":{"line":5,"column":18},"end":{"line":5,"column":44}},"4":{"start":{"line":6,"column":4},"end":{"line":6,"column":80}},"5":{"start":{"line":6,"column":15},"end":{"line":6,"column":80}},"6":{"start":{"line":7,"column":4},"end":{"line":13,"column":5}},"7":{"start":{"line":8,"column":24},"end":{"line":8,"column":70}},"8":{"start":{"line":9,"column":8},"end":{"line":9,"column":27}},"9":{"start":{"line":10,"column":8},"end":{"line":10,"column":15}},"10":{"start":{"line":12,"column":8},"end":{"line":12,"column":47}}},"fnMap":{"0":{"name":"(anonymous_0)","decl":{"start":{"line":4,"column":17},"end":{"line":4,"column":18}},"loc":{"start":{"line":4,"column":43},"end":{"line":14,"column":1}},"line":4}},"branchMap":{"0":{"loc":{"start":{"line":6,"column":4},"end":{"line":6,"column":80}},"type":"if","locations":[{"start":{"line":6,"column":4},"end":{"line":6,"column":80}},{"start":{"line":6,"column":4},"end":{"line":6,"column":80}}],"line":6}},"s":{"0":1,"1":1,"2":1,"3":0,"4":0,"5":0,"6":0,"7":0,"8":0,"9":0,"10":0},"f":{"0":0},"b":{"0":[0,0]},"_coverageSchema":"1a1c01bbd47fc00a2c39e90264f33305004495a9","hash":"f16c5ed3061d2b962e2d5fd4eb1385c8486949f3"}
,"C:\\repo3\\cyrus\\middleware\\error.js": {"path":"C:\\repo3\\cyrus\\middleware\\error.js","statementMap":{"0":{"start":{"line":1,"column":16},"end":{"line":1,"column":34}},"1":{"start":{"line":3,"column":0},"end":{"line":12,"column":1}},"2":{"start":{"line":4,"column":4},"end":{"line":4,"column":36}},"3":{"start":{"line":11,"column":4},"end":{"line":11,"column":46}}},"fnMap":{"0":{"name":"(anonymous_0)","decl":{"start":{"line":3,"column":17},"end":{"line":3,"column":18}},"loc":{"start":{"line":3,"column":46},"end":{"line":12,"column":1}},"line":3}},"branchMap":{},"s":{"0":1,"1":1,"2":0,"3":0},"f":{"0":0},"b":{},"_coverageSchema":"1a1c01bbd47fc00a2c39e90264f33305004495a9","hash":"ff036880630d387d5c4fe54dbd23851fe40a17e8"}
,"C:\\repo3\\cyrus\\models\\class-room.js": {"path":"C:\\repo3\\cyrus\\models\\class-room.js","statementMap":{"0":{"start":{"line":1,"column":17},"end":{"line":1,"column":36}},"1":{"start":{"line":2,"column":12},"end":{"line":2,"column":26}},"2":{"start":{"line":4,"column":24},"end":{"line":15,"column":2}},"3":{"start":{"line":17,"column":18},"end":{"line":17,"column":62}},"4":{"start":{"line":20,"column":19},"end":{"line":23,"column":6}},"5":{"start":{"line":24,"column":4},"end":{"line":24,"column":37}},"6":{"start":{"line":27,"column":0},"end":{"line":27,"column":30}},"7":{"start":{"line":28,"column":0},"end":{"line":28,"column":37}}},"fnMap":{"0":{"name":"validateClassRoom","decl":{"start":{"line":19,"column":9},"end":{"line":19,"column":26}},"loc":{"start":{"line":19,"column":38},"end":{"line":25,"column":1}},"line":19}},"branchMap":{},"s":{"0":1,"1":1,"2":1,"3":1,"4":0,"5":0,"6":1,"7":1},"f":{"0":0},"b":{},"_coverageSchema":"1a1c01bbd47fc00a2c39e90264f33305004495a9","hash":"73b1c793d013bf7e9f41339888c2e831cfe9881d"}
,"C:\\repo3\\cyrus\\models\\daycare.js": {"path":"C:\\repo3\\cyrus\\models\\daycare.js","statementMap":{"0":{"start":{"line":1,"column":17},"end":{"line":1,"column":36}},"1":{"start":{"line":2,"column":12},"end":{"line":2,"column":26}},"2":{"start":{"line":4,"column":22},"end":{"line":31,"column":2}},"3":{"start":{"line":33,"column":16},"end":{"line":33,"column":56}},"4":{"start":{"line":36,"column":19},"end":{"line":45,"column":6}},"5":{"start":{"line":46,"column":4},"end":{"line":46,"column":35}},"6":{"start":{"line":49,"column":0},"end":{"line":49,"column":38}},"7":{"start":{"line":50,"column":0},"end":{"line":50,"column":26}},"8":{"start":{"line":51,"column":0},"end":{"line":51,"column":35}}},"fnMap":{"0":{"name":"validateDaycare","decl":{"start":{"line":35,"column":9},"end":{"line":35,"column":24}},"loc":{"start":{"line":35,"column":34},"end":{"line":47,"column":1}},"line":35}},"branchMap":{},"s":{"0":1,"1":1,"2":1,"3":1,"4":0,"5":0,"6":1,"7":1,"8":1},"f":{"0":0},"b":{},"_coverageSchema":"1a1c01bbd47fc00a2c39e90264f33305004495a9","hash":"da3e7a179958145b4790f45000b4f639d5e1b1a2"}
,"C:\\repo3\\cyrus\\models\\kid.js": {"path":"C:\\repo3\\cyrus\\models\\kid.js","statementMap":{"0":{"start":{"line":1,"column":17},"end":{"line":1,"column":36}},"1":{"start":{"line":2,"column":12},"end":{"line":2,"column":26}},"2":{"start":{"line":4,"column":18},"end":{"line":57,"column":2}},"3":{"start":{"line":59,"column":12},"end":{"line":59,"column":44}},"4":{"start":{"line":62,"column":19},"end":{"line":89,"column":6}},"5":{"start":{"line":90,"column":4},"end":{"line":90,"column":31}},"6":{"start":{"line":93,"column":0},"end":{"line":93,"column":30}},"7":{"start":{"line":94,"column":0},"end":{"line":94,"column":18}},"8":{"start":{"line":95,"column":0},"end":{"line":95,"column":31}}},"fnMap":{"0":{"name":"validateKid","decl":{"start":{"line":61,"column":9},"end":{"line":61,"column":20}},"loc":{"start":{"line":61,"column":26},"end":{"line":91,"column":1}},"line":61}},"branchMap":{},"s":{"0":1,"1":1,"2":1,"3":1,"4":0,"5":0,"6":1,"7":1,"8":1},"f":{"0":0},"b":{},"_coverageSchema":"1a1c01bbd47fc00a2c39e90264f33305004495a9","hash":"056cd472b86e0d85481e3a2613f7b1a63978d5bc"}
,"C:\\repo3\\cyrus\\models\\municipality.js": {"path":"C:\\repo3\\cyrus\\models\\municipality.js","statementMap":{"0":{"start":{"line":1,"column":17},"end":{"line":1,"column":36}},"1":{"start":{"line":2,"column":12},"end":{"line":2,"column":26}},"2":{"start":{"line":4,"column":27},"end":{"line":23,"column":2}},"3":{"start":{"line":25,"column":21},"end":{"line":25,"column":71}},"4":{"start":{"line":28,"column":19},"end":{"line":35,"column":6}},"5":{"start":{"line":36,"column":4},"end":{"line":36,"column":40}},"6":{"start":{"line":39,"column":0},"end":{"line":39,"column":36}},"7":{"start":{"line":40,"column":0},"end":{"line":40,"column":40}}},"fnMap":{"0":{"name":"validateMunicipality","decl":{"start":{"line":27,"column":9},"end":{"line":27,"column":29}},"loc":{"start":{"line":27,"column":44},"end":{"line":37,"column":1}},"line":27}},"branchMap":{},"s":{"0":1,"1":1,"2":1,"3":1,"4":0,"5":0,"6":1,"7":1},"f":{"0":0},"b":{},"_coverageSchema":"1a1c01bbd47fc00a2c39e90264f33305004495a9","hash":"4f62f7040c1a2a23fccafb40c1d328dadce710cf"}
,"C:\\repo3\\cyrus\\models\\user.js": {"path":"C:\\repo3\\cyrus\\models\\user.js","statementMap":{"0":{"start":{"line":1,"column":17},"end":{"line":1,"column":36}},"1":{"start":{"line":2,"column":12},"end":{"line":2,"column":26}},"2":{"start":{"line":3,"column":15},"end":{"line":3,"column":32}},"3":{"start":{"line":4,"column":12},"end":{"line":4,"column":35}},"4":{"start":{"line":7,"column":19},"end":{"line":60,"column":2}},"5":{"start":{"line":61,"column":0},"end":{"line":63,"column":1}},"6":{"start":{"line":62,"column":4},"end":{"line":62,"column":85}},"7":{"start":{"line":65,"column":13},"end":{"line":65,"column":47}},"8":{"start":{"line":68,"column":19},"end":{"line":84,"column":6}},"9":{"start":{"line":85,"column":4},"end":{"line":85,"column":32}},"10":{"start":{"line":88,"column":0},"end":{"line":88,"column":32}},"11":{"start":{"line":89,"column":0},"end":{"line":89,"column":20}},"12":{"start":{"line":90,"column":0},"end":{"line":90,"column":32}}},"fnMap":{"0":{"name":"(anonymous_0)","decl":{"start":{"line":61,"column":38},"end":{"line":61,"column":39}},"loc":{"start":{"line":61,"column":50},"end":{"line":63,"column":1}},"line":61},"1":{"name":"validateUser","decl":{"start":{"line":67,"column":9},"end":{"line":67,"column":21}},"loc":{"start":{"line":67,"column":28},"end":{"line":86,"column":1}},"line":67}},"branchMap":{},"s":{"0":1,"1":1,"2":1,"3":1,"4":1,"5":1,"6":0,"7":1,"8":0,"9":0,"10":1,"11":1,"12":1},"f":{"0":0,"1":0},"b":{},"_coverageSchema":"1a1c01bbd47fc00a2c39e90264f33305004495a9","hash":"ff38c3eabe3b478f77658840f93ee71a2ceb7e80"}
,"C:\\repo3\\cyrus\\routes\\auth.js": {"path":"C:\\repo3\\cyrus\\routes\\auth.js","statementMap":{"0":{"start":{"line":1,"column":12},"end":{"line":1,"column":26}},"1":{"start":{"line":2,"column":15},"end":{"line":2,"column":32}},"2":{"start":{"line":3,"column":15},"end":{"line":3,"column":40}},"3":{"start":{"line":4,"column":16},"end":{"line":4,"column":34}},"4":{"start":{"line":5,"column":15},"end":{"line":5,"column":31}},"5":{"start":{"line":8,"column":0},"end":{"line":20,"column":3}},"6":{"start":{"line":9,"column":22},"end":{"line":9,"column":40}},"7":{"start":{"line":10,"column":4},"end":{"line":10,"column":69}},"8":{"start":{"line":10,"column":15},"end":{"line":10,"column":69}},"9":{"start":{"line":12,"column":15},"end":{"line":12,"column":60}},"10":{"start":{"line":13,"column":4},"end":{"line":13,"column":73}},"11":{"start":{"line":13,"column":15},"end":{"line":13,"column":73}},"12":{"start":{"line":15,"column":26},"end":{"line":15,"column":80}},"13":{"start":{"line":16,"column":4},"end":{"line":16,"column":82}},"14":{"start":{"line":16,"column":24},"end":{"line":16,"column":82}},"15":{"start":{"line":18,"column":18},"end":{"line":18,"column":42}},"16":{"start":{"line":19,"column":4},"end":{"line":19,"column":20}},"17":{"start":{"line":23,"column":19},"end":{"line":26,"column":6}},"18":{"start":{"line":27,"column":4},"end":{"line":27,"column":31}},"19":{"start":{"line":30,"column":0},"end":{"line":30,"column":24}}},"fnMap":{"0":{"name":"(anonymous_0)","decl":{"start":{"line":8,"column":17},"end":{"line":8,"column":18}},"loc":{"start":{"line":8,"column":37},"end":{"line":20,"column":1}},"line":8},"1":{"name":"validate","decl":{"start":{"line":22,"column":9},"end":{"line":22,"column":17}},"loc":{"start":{"line":22,"column":23},"end":{"line":28,"column":1}},"line":22}},"branchMap":{"0":{"loc":{"start":{"line":10,"column":4},"end":{"line":10,"column":69}},"type":"if","locations":[{"start":{"line":10,"column":4},"end":{"line":10,"column":69}},{"start":{"line":10,"column":4},"end":{"line":10,"column":69}}],"line":10},"1":{"loc":{"start":{"line":13,"column":4},"end":{"line":13,"column":73}},"type":"if","locations":[{"start":{"line":13,"column":4},"end":{"line":13,"column":73}},{"start":{"line":13,"column":4},"end":{"line":13,"column":73}}],"line":13},"2":{"loc":{"start":{"line":16,"column":4},"end":{"line":16,"column":82}},"type":"if","locations":[{"start":{"line":16,"column":4},"end":{"line":16,"column":82}},{"start":{"line":16,"column":4},"end":{"line":16,"column":82}}],"line":16}},"s":{"0":1,"1":1,"2":1,"3":1,"4":1,"5":1,"6":0,"7":0,"8":0,"9":0,"10":0,"11":0,"12":0,"13":0,"14":0,"15":0,"16":0,"17":0,"18":0,"19":1},"f":{"0":0,"1":0},"b":{"0":[0,0],"1":[0,0],"2":[0,0]},"_coverageSchema":"1a1c01bbd47fc00a2c39e90264f33305004495a9","hash":"b76d4ca1b60351d58bf5601bd760920414fde6d5"}
,"C:\\repo3\\cyrus\\routes\\class-rooms.js": {"path":"C:\\repo3\\cyrus\\routes\\class-rooms.js","statementMap":{"0":{"start":{"line":1,"column":30},"end":{"line":1,"column":61}},"1":{"start":{"line":2,"column":18},"end":{"line":2,"column":46}},"2":{"start":{"line":3,"column":16},"end":{"line":3,"column":34}},"3":{"start":{"line":4,"column":15},"end":{"line":4,"column":31}},"4":{"start":{"line":5,"column":13},"end":{"line":5,"column":44}},"5":{"start":{"line":7,"column":0},"end":{"line":25,"column":3}},"6":{"start":{"line":8,"column":22},"end":{"line":8,"column":40}},"7":{"start":{"line":9,"column":4},"end":{"line":9,"column":69}},"8":{"start":{"line":9,"column":15},"end":{"line":9,"column":69}},"9":{"start":{"line":11,"column":20},"end":{"line":11,"column":68}},"10":{"start":{"line":12,"column":4},"end":{"line":12,"column":85}},"11":{"start":{"line":12,"column":19},"end":{"line":12,"column":85}},"12":{"start":{"line":14,"column":4},"end":{"line":14,"column":40}},"13":{"start":{"line":15,"column":4},"end":{"line":23,"column":5}},"14":{"start":{"line":16,"column":23},"end":{"line":16,"column":45}},"15":{"start":{"line":17,"column":8},"end":{"line":17,"column":28}},"16":{"start":{"line":20,"column":8},"end":{"line":20,"column":32}},"17":{"start":{"line":21,"column":8},"end":{"line":22,"column":42}},"18":{"start":{"line":22,"column":12},"end":{"line":22,"column":42}},"19":{"start":{"line":24,"column":4},"end":{"line":24,"column":23}},"20":{"start":{"line":27,"column":0},"end":{"line":36,"column":3}},"21":{"start":{"line":28,"column":4},"end":{"line":35,"column":5}},"22":{"start":{"line":29,"column":27},"end":{"line":29,"column":82}},"23":{"start":{"line":30,"column":8},"end":{"line":30,"column":29}},"24":{"start":{"line":33,"column":8},"end":{"line":33,"column":32}},"25":{"start":{"line":34,"column":8},"end":{"line":34,"column":29}},"26":{"start":{"line":38,"column":0},"end":{"line":42,"column":3}},"27":{"start":{"line":39,"column":22},"end":{"line":39,"column":61}},"28":{"start":{"line":40,"column":4},"end":{"line":40,"column":99}},"29":{"start":{"line":40,"column":20},"end":{"line":40,"column":99}},"30":{"start":{"line":41,"column":4},"end":{"line":41,"column":24}},"31":{"start":{"line":44,"column":0},"end":{"line":63,"column":3}},"32":{"start":{"line":45,"column":22},"end":{"line":45,"column":40}},"33":{"start":{"line":46,"column":4},"end":{"line":46,"column":69}},"34":{"start":{"line":46,"column":15},"end":{"line":46,"column":69}},"35":{"start":{"line":48,"column":20},"end":{"line":48,"column":55}},"36":{"start":{"line":49,"column":4},"end":{"line":49,"column":66}},"37":{"start":{"line":49,"column":18},"end":{"line":49,"column":66}},"38":{"start":{"line":51,"column":22},"end":{"line":58,"column":25}},"39":{"start":{"line":60,"column":4},"end":{"line":60,"column":99}},"40":{"start":{"line":60,"column":20},"end":{"line":60,"column":99}},"41":{"start":{"line":62,"column":4},"end":{"line":62,"column":24}},"42":{"start":{"line":65,"column":0},"end":{"line":69,"column":3}},"43":{"start":{"line":66,"column":22},"end":{"line":66,"column":70}},"44":{"start":{"line":67,"column":4},"end":{"line":67,"column":100}},"45":{"start":{"line":67,"column":20},"end":{"line":67,"column":100}},"46":{"start":{"line":68,"column":4},"end":{"line":68,"column":24}},"47":{"start":{"line":71,"column":0},"end":{"line":71,"column":24}}},"fnMap":{"0":{"name":"(anonymous_0)","decl":{"start":{"line":7,"column":23},"end":{"line":7,"column":24}},"loc":{"start":{"line":7,"column":43},"end":{"line":25,"column":1}},"line":7},"1":{"name":"(anonymous_1)","decl":{"start":{"line":27,"column":22},"end":{"line":27,"column":23}},"loc":{"start":{"line":27,"column":41},"end":{"line":36,"column":1}},"line":27},"2":{"name":"(anonymous_2)","decl":{"start":{"line":38,"column":25},"end":{"line":38,"column":26}},"loc":{"start":{"line":38,"column":45},"end":{"line":42,"column":1}},"line":38},"3":{"name":"(anonymous_3)","decl":{"start":{"line":44,"column":25},"end":{"line":44,"column":26}},"loc":{"start":{"line":44,"column":45},"end":{"line":63,"column":1}},"line":44},"4":{"name":"(anonymous_4)","decl":{"start":{"line":65,"column":28},"end":{"line":65,"column":29}},"loc":{"start":{"line":65,"column":48},"end":{"line":69,"column":1}},"line":65}},"branchMap":{"0":{"loc":{"start":{"line":9,"column":4},"end":{"line":9,"column":69}},"type":"if","locations":[{"start":{"line":9,"column":4},"end":{"line":9,"column":69}},{"start":{"line":9,"column":4},"end":{"line":9,"column":69}}],"line":9},"1":{"loc":{"start":{"line":12,"column":4},"end":{"line":12,"column":85}},"type":"if","locations":[{"start":{"line":12,"column":4},"end":{"line":12,"column":85}},{"start":{"line":12,"column":4},"end":{"line":12,"column":85}}],"line":12},"2":{"loc":{"start":{"line":40,"column":4},"end":{"line":40,"column":99}},"type":"if","locations":[{"start":{"line":40,"column":4},"end":{"line":40,"column":99}},{"start":{"line":40,"column":4},"end":{"line":40,"column":99}}],"line":40},"3":{"loc":{"start":{"line":46,"column":4},"end":{"line":46,"column":69}},"type":"if","locations":[{"start":{"line":46,"column":4},"end":{"line":46,"column":69}},{"start":{"line":46,"column":4},"end":{"line":46,"column":69}}],"line":46},"4":{"loc":{"start":{"line":49,"column":4},"end":{"line":49,"column":66}},"type":"if","locations":[{"start":{"line":49,"column":4},"end":{"line":49,"column":66}},{"start":{"line":49,"column":4},"end":{"line":49,"column":66}}],"line":49},"5":{"loc":{"start":{"line":60,"column":4},"end":{"line":60,"column":99}},"type":"if","locations":[{"start":{"line":60,"column":4},"end":{"line":60,"column":99}},{"start":{"line":60,"column":4},"end":{"line":60,"column":99}}],"line":60},"6":{"loc":{"start":{"line":67,"column":4},"end":{"line":67,"column":100}},"type":"if","locations":[{"start":{"line":67,"column":4},"end":{"line":67,"column":100}},{"start":{"line":67,"column":4},"end":{"line":67,"column":100}}],"line":67}},"s":{"0":1,"1":1,"2":1,"3":1,"4":1,"5":1,"6":0,"7":0,"8":0,"9":0,"10":0,"11":0,"12":0,"13":0,"14":0,"15":0,"16":0,"17":0,"18":0,"19":0,"20":1,"21":0,"22":0,"23":0,"24":0,"25":0,"26":1,"27":0,"28":0,"29":0,"30":0,"31":1,"32":0,"33":0,"34":0,"35":0,"36":0,"37":0,"38":0,"39":0,"40":0,"41":0,"42":1,"43":0,"44":0,"45":0,"46":0,"47":1},"f":{"0":0,"1":0,"2":0,"3":0,"4":0},"b":{"0":[0,0],"1":[0,0],"2":[0,0],"3":[0,0],"4":[0,0],"5":[0,0],"6":[0,0]},"_coverageSchema":"1a1c01bbd47fc00a2c39e90264f33305004495a9","hash":"f00a87face7d74a62b55f0427e1414622f48db1d"}
,"C:\\repo3\\cyrus\\routes\\daycares.js": {"path":"C:\\repo3\\cyrus\\routes\\daycares.js","statementMap":{"0":{"start":{"line":1,"column":28},"end":{"line":1,"column":56}},"1":{"start":{"line":2,"column":23},"end":{"line":2,"column":56}},"2":{"start":{"line":3,"column":16},"end":{"line":3,"column":34}},"3":{"start":{"line":4,"column":15},"end":{"line":4,"column":31}},"4":{"start":{"line":5,"column":13},"end":{"line":5,"column":44}},"5":{"start":{"line":7,"column":0},"end":{"line":25,"column":3}},"6":{"start":{"line":8,"column":22},"end":{"line":8,"column":40}},"7":{"start":{"line":9,"column":4},"end":{"line":9,"column":69}},"8":{"start":{"line":9,"column":15},"end":{"line":9,"column":69}},"9":{"start":{"line":11,"column":18},"end":{"line":11,"column":64}},"10":{"start":{"line":12,"column":4},"end":{"line":12,"column":80}},"11":{"start":{"line":12,"column":17},"end":{"line":12,"column":80}},"12":{"start":{"line":14,"column":4},"end":{"line":14,"column":36}},"13":{"start":{"line":15,"column":4},"end":{"line":23,"column":5}},"14":{"start":{"line":16,"column":23},"end":{"line":16,"column":43}},"15":{"start":{"line":17,"column":8},"end":{"line":17,"column":28}},"16":{"start":{"line":20,"column":8},"end":{"line":20,"column":32}},"17":{"start":{"line":21,"column":8},"end":{"line":22,"column":42}},"18":{"start":{"line":22,"column":12},"end":{"line":22,"column":42}},"19":{"start":{"line":24,"column":4},"end":{"line":24,"column":23}},"20":{"start":{"line":27,"column":0},"end":{"line":36,"column":3}},"21":{"start":{"line":28,"column":4},"end":{"line":35,"column":5}},"22":{"start":{"line":29,"column":25},"end":{"line":29,"column":83}},"23":{"start":{"line":30,"column":8},"end":{"line":30,"column":27}},"24":{"start":{"line":33,"column":8},"end":{"line":33,"column":32}},"25":{"start":{"line":34,"column":8},"end":{"line":34,"column":29}},"26":{"start":{"line":38,"column":0},"end":{"line":42,"column":3}},"27":{"start":{"line":39,"column":20},"end":{"line":39,"column":57}},"28":{"start":{"line":40,"column":4},"end":{"line":40,"column":94}},"29":{"start":{"line":40,"column":18},"end":{"line":40,"column":94}},"30":{"start":{"line":41,"column":4},"end":{"line":41,"column":22}},"31":{"start":{"line":44,"column":0},"end":{"line":68,"column":3}},"32":{"start":{"line":45,"column":22},"end":{"line":45,"column":40}},"33":{"start":{"line":46,"column":4},"end":{"line":46,"column":69}},"34":{"start":{"line":46,"column":15},"end":{"line":46,"column":69}},"35":{"start":{"line":48,"column":25},"end":{"line":48,"column":65}},"36":{"start":{"line":49,"column":4},"end":{"line":49,"column":71}},"37":{"start":{"line":49,"column":23},"end":{"line":49,"column":71}},"38":{"start":{"line":51,"column":20},"end":{"line":63,"column":25}},"39":{"start":{"line":65,"column":4},"end":{"line":65,"column":94}},"40":{"start":{"line":65,"column":18},"end":{"line":65,"column":94}},"41":{"start":{"line":67,"column":4},"end":{"line":67,"column":22}},"42":{"start":{"line":70,"column":0},"end":{"line":74,"column":3}},"43":{"start":{"line":71,"column":20},"end":{"line":71,"column":66}},"44":{"start":{"line":72,"column":4},"end":{"line":72,"column":94}},"45":{"start":{"line":72,"column":18},"end":{"line":72,"column":94}},"46":{"start":{"line":73,"column":4},"end":{"line":73,"column":22}},"47":{"start":{"line":76,"column":0},"end":{"line":76,"column":24}}},"fnMap":{"0":{"name":"(anonymous_0)","decl":{"start":{"line":7,"column":23},"end":{"line":7,"column":24}},"loc":{"start":{"line":7,"column":43},"end":{"line":25,"column":1}},"line":7},"1":{"name":"(anonymous_1)","decl":{"start":{"line":27,"column":16},"end":{"line":27,"column":17}},"loc":{"start":{"line":27,"column":35},"end":{"line":36,"column":1}},"line":27},"2":{"name":"(anonymous_2)","decl":{"start":{"line":38,"column":19},"end":{"line":38,"column":20}},"loc":{"start":{"line":38,"column":39},"end":{"line":42,"column":1}},"line":38},"3":{"name":"(anonymous_3)","decl":{"start":{"line":44,"column":25},"end":{"line":44,"column":26}},"loc":{"start":{"line":44,"column":45},"end":{"line":68,"column":1}},"line":44},"4":{"name":"(anonymous_4)","decl":{"start":{"line":70,"column":28},"end":{"line":70,"column":29}},"loc":{"start":{"line":70,"column":48},"end":{"line":74,"column":1}},"line":70}},"branchMap":{"0":{"loc":{"start":{"line":9,"column":4},"end":{"line":9,"column":69}},"type":"if","locations":[{"start":{"line":9,"column":4},"end":{"line":9,"column":69}},{"start":{"line":9,"column":4},"end":{"line":9,"column":69}}],"line":9},"1":{"loc":{"start":{"line":12,"column":4},"end":{"line":12,"column":80}},"type":"if","locations":[{"start":{"line":12,"column":4},"end":{"line":12,"column":80}},{"start":{"line":12,"column":4},"end":{"line":12,"column":80}}],"line":12},"2":{"loc":{"start":{"line":40,"column":4},"end":{"line":40,"column":94}},"type":"if","locations":[{"start":{"line":40,"column":4},"end":{"line":40,"column":94}},{"start":{"line":40,"column":4},"end":{"line":40,"column":94}}],"line":40},"3":{"loc":{"start":{"line":46,"column":4},"end":{"line":46,"column":69}},"type":"if","locations":[{"start":{"line":46,"column":4},"end":{"line":46,"column":69}},{"start":{"line":46,"column":4},"end":{"line":46,"column":69}}],"line":46},"4":{"loc":{"start":{"line":49,"column":4},"end":{"line":49,"column":71}},"type":"if","locations":[{"start":{"line":49,"column":4},"end":{"line":49,"column":71}},{"start":{"line":49,"column":4},"end":{"line":49,"column":71}}],"line":49},"5":{"loc":{"start":{"line":65,"column":4},"end":{"line":65,"column":94}},"type":"if","locations":[{"start":{"line":65,"column":4},"end":{"line":65,"column":94}},{"start":{"line":65,"column":4},"end":{"line":65,"column":94}}],"line":65},"6":{"loc":{"start":{"line":72,"column":4},"end":{"line":72,"column":94}},"type":"if","locations":[{"start":{"line":72,"column":4},"end":{"line":72,"column":94}},{"start":{"line":72,"column":4},"end":{"line":72,"column":94}}],"line":72}},"s":{"0":1,"1":1,"2":1,"3":1,"4":1,"5":1,"6":0,"7":0,"8":0,"9":0,"10":0,"11":0,"12":0,"13":0,"14":0,"15":0,"16":0,"17":0,"18":0,"19":0,"20":1,"21":0,"22":0,"23":0,"24":0,"25":0,"26":1,"27":0,"28":0,"29":0,"30":0,"31":1,"32":0,"33":0,"34":0,"35":0,"36":0,"37":0,"38":0,"39":0,"40":0,"41":0,"42":1,"43":0,"44":0,"45":0,"46":0,"47":1},"f":{"0":0,"1":0,"2":0,"3":0,"4":0},"b":{"0":[0,0],"1":[0,0],"2":[0,0],"3":[0,0],"4":[0,0],"5":[0,0],"6":[0,0]},"_coverageSchema":"1a1c01bbd47fc00a2c39e90264f33305004495a9","hash":"664a9413c78b2d2409368c567c18193f6c55bff5"}
,"C:\\repo3\\cyrus\\routes\\kids.js": {"path":"C:\\repo3\\cyrus\\routes\\kids.js","statementMap":{"0":{"start":{"line":1,"column":24},"end":{"line":1,"column":48}},"1":{"start":{"line":2,"column":15},"end":{"line":2,"column":40}},"2":{"start":{"line":3,"column":16},"end":{"line":3,"column":34}},"3":{"start":{"line":4,"column":15},"end":{"line":4,"column":31}},"4":{"start":{"line":5,"column":13},"end":{"line":5,"column":44}},"5":{"start":{"line":7,"column":0},"end":{"line":25,"column":3}},"6":{"start":{"line":8,"column":22},"end":{"line":8,"column":40}},"7":{"start":{"line":9,"column":4},"end":{"line":9,"column":69}},"8":{"start":{"line":9,"column":15},"end":{"line":9,"column":69}},"9":{"start":{"line":11,"column":14},"end":{"line":11,"column":56}},"10":{"start":{"line":12,"column":4},"end":{"line":12,"column":72}},"11":{"start":{"line":12,"column":13},"end":{"line":12,"column":72}},"12":{"start":{"line":14,"column":4},"end":{"line":14,"column":28}},"13":{"start":{"line":15,"column":4},"end":{"line":23,"column":5}},"14":{"start":{"line":16,"column":23},"end":{"line":16,"column":39}},"15":{"start":{"line":17,"column":8},"end":{"line":17,"column":28}},"16":{"start":{"line":20,"column":8},"end":{"line":20,"column":32}},"17":{"start":{"line":21,"column":8},"end":{"line":22,"column":42}},"18":{"start":{"line":22,"column":12},"end":{"line":22,"column":42}},"19":{"start":{"line":24,"column":4},"end":{"line":24,"column":23}},"20":{"start":{"line":27,"column":0},"end":{"line":36,"column":3}},"21":{"start":{"line":28,"column":4},"end":{"line":35,"column":5}},"22":{"start":{"line":29,"column":21},"end":{"line":29,"column":77}},"23":{"start":{"line":30,"column":8},"end":{"line":30,"column":23}},"24":{"start":{"line":33,"column":8},"end":{"line":33,"column":32}},"25":{"start":{"line":34,"column":8},"end":{"line":34,"column":29}},"26":{"start":{"line":38,"column":0},"end":{"line":42,"column":3}},"27":{"start":{"line":39,"column":16},"end":{"line":39,"column":49}},"28":{"start":{"line":40,"column":4},"end":{"line":40,"column":86}},"29":{"start":{"line":40,"column":14},"end":{"line":40,"column":86}},"30":{"start":{"line":41,"column":4},"end":{"line":41,"column":18}},"31":{"start":{"line":44,"column":0},"end":{"line":87,"column":3}},"32":{"start":{"line":45,"column":22},"end":{"line":45,"column":40}},"33":{"start":{"line":46,"column":4},"end":{"line":46,"column":69}},"34":{"start":{"line":46,"column":15},"end":{"line":46,"column":69}},"35":{"start":{"line":48,"column":21},"end":{"line":48,"column":53}},"36":{"start":{"line":49,"column":4},"end":{"line":49,"column":68}},"37":{"start":{"line":49,"column":19},"end":{"line":49,"column":68}},"38":{"start":{"line":51,"column":16},"end":{"line":82,"column":25}},"39":{"start":{"line":84,"column":4},"end":{"line":84,"column":86}},"40":{"start":{"line":84,"column":14},"end":{"line":84,"column":86}},"41":{"start":{"line":86,"column":4},"end":{"line":86,"column":18}},"42":{"start":{"line":89,"column":0},"end":{"line":93,"column":3}},"43":{"start":{"line":90,"column":16},"end":{"line":90,"column":58}},"44":{"start":{"line":91,"column":4},"end":{"line":91,"column":86}},"45":{"start":{"line":91,"column":14},"end":{"line":91,"column":86}},"46":{"start":{"line":92,"column":4},"end":{"line":92,"column":18}},"47":{"start":{"line":95,"column":0},"end":{"line":95,"column":24}}},"fnMap":{"0":{"name":"(anonymous_0)","decl":{"start":{"line":7,"column":23},"end":{"line":7,"column":24}},"loc":{"start":{"line":7,"column":43},"end":{"line":25,"column":1}},"line":7},"1":{"name":"(anonymous_1)","decl":{"start":{"line":27,"column":22},"end":{"line":27,"column":23}},"loc":{"start":{"line":27,"column":41},"end":{"line":36,"column":1}},"line":27},"2":{"name":"(anonymous_2)","decl":{"start":{"line":38,"column":25},"end":{"line":38,"column":26}},"loc":{"start":{"line":38,"column":45},"end":{"line":42,"column":1}},"line":38},"3":{"name":"(anonymous_3)","decl":{"start":{"line":44,"column":25},"end":{"line":44,"column":26}},"loc":{"start":{"line":44,"column":45},"end":{"line":87,"column":1}},"line":44},"4":{"name":"(anonymous_4)","decl":{"start":{"line":89,"column":28},"end":{"line":89,"column":29}},"loc":{"start":{"line":89,"column":48},"end":{"line":93,"column":1}},"line":89}},"branchMap":{"0":{"loc":{"start":{"line":9,"column":4},"end":{"line":9,"column":69}},"type":"if","locations":[{"start":{"line":9,"column":4},"end":{"line":9,"column":69}},{"start":{"line":9,"column":4},"end":{"line":9,"column":69}}],"line":9},"1":{"loc":{"start":{"line":12,"column":4},"end":{"line":12,"column":72}},"type":"if","locations":[{"start":{"line":12,"column":4},"end":{"line":12,"column":72}},{"start":{"line":12,"column":4},"end":{"line":12,"column":72}}],"line":12},"2":{"loc":{"start":{"line":40,"column":4},"end":{"line":40,"column":86}},"type":"if","locations":[{"start":{"line":40,"column":4},"end":{"line":40,"column":86}},{"start":{"line":40,"column":4},"end":{"line":40,"column":86}}],"line":40},"3":{"loc":{"start":{"line":46,"column":4},"end":{"line":46,"column":69}},"type":"if","locations":[{"start":{"line":46,"column":4},"end":{"line":46,"column":69}},{"start":{"line":46,"column":4},"end":{"line":46,"column":69}}],"line":46},"4":{"loc":{"start":{"line":49,"column":4},"end":{"line":49,"column":68}},"type":"if","locations":[{"start":{"line":49,"column":4},"end":{"line":49,"column":68}},{"start":{"line":49,"column":4},"end":{"line":49,"column":68}}],"line":49},"5":{"loc":{"start":{"line":84,"column":4},"end":{"line":84,"column":86}},"type":"if","locations":[{"start":{"line":84,"column":4},"end":{"line":84,"column":86}},{"start":{"line":84,"column":4},"end":{"line":84,"column":86}}],"line":84},"6":{"loc":{"start":{"line":91,"column":4},"end":{"line":91,"column":86}},"type":"if","locations":[{"start":{"line":91,"column":4},"end":{"line":91,"column":86}},{"start":{"line":91,"column":4},"end":{"line":91,"column":86}}],"line":91}},"s":{"0":1,"1":1,"2":1,"3":1,"4":1,"5":1,"6":0,"7":0,"8":0,"9":0,"10":0,"11":0,"12":0,"13":0,"14":0,"15":0,"16":0,"17":0,"18":0,"19":0,"20":1,"21":0,"22":0,"23":0,"24":0,"25":0,"26":1,"27":0,"28":0,"29":0,"30":0,"31":1,"32":0,"33":0,"34":0,"35":0,"36":0,"37":0,"38":0,"39":0,"40":0,"41":0,"42":1,"43":0,"44":0,"45":0,"46":0,"47":1},"f":{"0":0,"1":0,"2":0,"3":0,"4":0},"b":{"0":[0,0],"1":[0,0],"2":[0,0],"3":[0,0],"4":[0,0],"5":[0,0],"6":[0,0]},"_coverageSchema":"1a1c01bbd47fc00a2c39e90264f33305004495a9","hash":"5bc846b501b372c796d98fca5fdea8db47d4e2c3"}
,"C:\\repo3\\cyrus\\routes\\municipalities.js": {"path":"C:\\repo3\\cyrus\\routes\\municipalities.js","statementMap":{"0":{"start":{"line":1,"column":24},"end":{"line":1,"column":48}},"1":{"start":{"line":2,"column":15},"end":{"line":2,"column":40}},"2":{"start":{"line":3,"column":16},"end":{"line":3,"column":34}},"3":{"start":{"line":4,"column":15},"end":{"line":4,"column":31}},"4":{"start":{"line":5,"column":10},"end":{"line":5,"column":27}},"5":{"start":{"line":6,"column":13},"end":{"line":6,"column":44}},"6":{"start":{"line":8,"column":0},"end":{"line":26,"column":3}},"7":{"start":{"line":9,"column":22},"end":{"line":9,"column":40}},"8":{"start":{"line":10,"column":4},"end":{"line":10,"column":69}},"9":{"start":{"line":10,"column":15},"end":{"line":10,"column":69}},"10":{"start":{"line":12,"column":23},"end":{"line":12,"column":66}},"11":{"start":{"line":13,"column":4},"end":{"line":13,"column":90}},"12":{"start":{"line":13,"column":22},"end":{"line":13,"column":90}},"13":{"start":{"line":15,"column":4},"end":{"line":15,"column":37}},"14":{"start":{"line":16,"column":4},"end":{"line":24,"column":5}},"15":{"start":{"line":17,"column":23},"end":{"line":17,"column":48}},"16":{"start":{"line":18,"column":8},"end":{"line":18,"column":28}},"17":{"start":{"line":21,"column":8},"end":{"line":21,"column":32}},"18":{"start":{"line":22,"column":8},"end":{"line":23,"column":42}},"19":{"start":{"line":23,"column":12},"end":{"line":23,"column":42}},"20":{"start":{"line":25,"column":4},"end":{"line":25,"column":23}},"21":{"start":{"line":28,"column":0},"end":{"line":37,"column":3}},"22":{"start":{"line":29,"column":4},"end":{"line":36,"column":5}},"23":{"start":{"line":30,"column":31},"end":{"line":30,"column":69}},"24":{"start":{"line":31,"column":8},"end":{"line":31,"column":33}},"25":{"start":{"line":34,"column":8},"end":{"line":34,"column":32}},"26":{"start":{"line":35,"column":8},"end":{"line":35,"column":29}},"27":{"start":{"line":39,"column":0},"end":{"line":43,"column":3}},"28":{"start":{"line":40,"column":25},"end":{"line":40,"column":67}},"29":{"start":{"line":41,"column":4},"end":{"line":41,"column":104}},"30":{"start":{"line":41,"column":23},"end":{"line":41,"column":104}},"31":{"start":{"line":42,"column":4},"end":{"line":42,"column":27}},"32":{"start":{"line":45,"column":0},"end":{"line":55,"column":3}},"33":{"start":{"line":46,"column":22},"end":{"line":46,"column":40}},"34":{"start":{"line":47,"column":4},"end":{"line":47,"column":69}},"35":{"start":{"line":47,"column":15},"end":{"line":47,"column":69}},"36":{"start":{"line":48,"column":25},"end":{"line":50,"column":22}},"37":{"start":{"line":52,"column":4},"end":{"line":52,"column":104}},"38":{"start":{"line":52,"column":23},"end":{"line":52,"column":104}},"39":{"start":{"line":54,"column":4},"end":{"line":54,"column":27}},"40":{"start":{"line":57,"column":0},"end":{"line":61,"column":3}},"41":{"start":{"line":58,"column":25},"end":{"line":58,"column":76}},"42":{"start":{"line":59,"column":4},"end":{"line":59,"column":104}},"43":{"start":{"line":59,"column":23},"end":{"line":59,"column":104}},"44":{"start":{"line":60,"column":4},"end":{"line":60,"column":27}},"45":{"start":{"line":63,"column":0},"end":{"line":63,"column":24}}},"fnMap":{"0":{"name":"(anonymous_0)","decl":{"start":{"line":8,"column":23},"end":{"line":8,"column":24}},"loc":{"start":{"line":8,"column":43},"end":{"line":26,"column":1}},"line":8},"1":{"name":"(anonymous_1)","decl":{"start":{"line":28,"column":16},"end":{"line":28,"column":17}},"loc":{"start":{"line":28,"column":35},"end":{"line":37,"column":1}},"line":28},"2":{"name":"(anonymous_2)","decl":{"start":{"line":39,"column":19},"end":{"line":39,"column":20}},"loc":{"start":{"line":39,"column":39},"end":{"line":43,"column":1}},"line":39},"3":{"name":"(anonymous_3)","decl":{"start":{"line":45,"column":25},"end":{"line":45,"column":26}},"loc":{"start":{"line":45,"column":45},"end":{"line":55,"column":1}},"line":45},"4":{"name":"(anonymous_4)","decl":{"start":{"line":57,"column":28},"end":{"line":57,"column":29}},"loc":{"start":{"line":57,"column":48},"end":{"line":61,"column":1}},"line":57}},"branchMap":{"0":{"loc":{"start":{"line":10,"column":4},"end":{"line":10,"column":69}},"type":"if","locations":[{"start":{"line":10,"column":4},"end":{"line":10,"column":69}},{"start":{"line":10,"column":4},"end":{"line":10,"column":69}}],"line":10},"1":{"loc":{"start":{"line":13,"column":4},"end":{"line":13,"column":90}},"type":"if","locations":[{"start":{"line":13,"column":4},"end":{"line":13,"column":90}},{"start":{"line":13,"column":4},"end":{"line":13,"column":90}}],"line":13},"2":{"loc":{"start":{"line":41,"column":4},"end":{"line":41,"column":104}},"type":"if","locations":[{"start":{"line":41,"column":4},"end":{"line":41,"column":104}},{"start":{"line":41,"column":4},"end":{"line":41,"column":104}}],"line":41},"3":{"loc":{"start":{"line":47,"column":4},"end":{"line":47,"column":69}},"type":"if","locations":[{"start":{"line":47,"column":4},"end":{"line":47,"column":69}},{"start":{"line":47,"column":4},"end":{"line":47,"column":69}}],"line":47},"4":{"loc":{"start":{"line":52,"column":4},"end":{"line":52,"column":104}},"type":"if","locations":[{"start":{"line":52,"column":4},"end":{"line":52,"column":104}},{"start":{"line":52,"column":4},"end":{"line":52,"column":104}}],"line":52},"5":{"loc":{"start":{"line":59,"column":4},"end":{"line":59,"column":104}},"type":"if","locations":[{"start":{"line":59,"column":4},"end":{"line":59,"column":104}},{"start":{"line":59,"column":4},"end":{"line":59,"column":104}}],"line":59}},"s":{"0":1,"1":1,"2":1,"3":1,"4":1,"5":1,"6":1,"7":0,"8":0,"9":0,"10":0,"11":0,"12":0,"13":0,"14":0,"15":0,"16":0,"17":0,"18":0,"19":0,"20":0,"21":1,"22":0,"23":0,"24":0,"25":0,"26":0,"27":1,"28":0,"29":0,"30":0,"31":0,"32":1,"33":0,"34":0,"35":0,"36":0,"37":0,"38":0,"39":0,"40":1,"41":0,"42":0,"43":0,"44":0,"45":1},"f":{"0":0,"1":0,"2":0,"3":0,"4":0},"b":{"0":[0,0],"1":[0,0],"2":[0,0],"3":[0,0],"4":[0,0],"5":[0,0]},"_coverageSchema":"1a1c01bbd47fc00a2c39e90264f33305004495a9","hash":"198d563eb058116d046fa29083effbd399a57713"}
,"C:\\repo3\\cyrus\\routes\\users.js": {"path":"C:\\repo3\\cyrus\\routes\\users.js","statementMap":{"0":{"start":{"line":1,"column":25},"end":{"line":1,"column":50}},"1":{"start":{"line":2,"column":16},"end":{"line":2,"column":34}},"2":{"start":{"line":3,"column":15},"end":{"line":3,"column":31}},"3":{"start":{"line":4,"column":15},"end":{"line":4,"column":32}},"4":{"start":{"line":5,"column":10},"end":{"line":5,"column":27}},"5":{"start":{"line":6,"column":13},"end":{"line":6,"column":44}},"6":{"start":{"line":8,"column":0},"end":{"line":29,"column":3}},"7":{"start":{"line":9,"column":22},"end":{"line":9,"column":40}},"8":{"start":{"line":10,"column":4},"end":{"line":10,"column":69}},"9":{"start":{"line":10,"column":15},"end":{"line":10,"column":69}},"10":{"start":{"line":12,"column":15},"end":{"line":12,"column":60}},"11":{"start":{"line":13,"column":4},"end":{"line":13,"column":70}},"12":{"start":{"line":13,"column":14},"end":{"line":13,"column":70}},"13":{"start":{"line":15,"column":4},"end":{"line":15,"column":30}},"14":{"start":{"line":16,"column":17},"end":{"line":16,"column":41}},"15":{"start":{"line":17,"column":4},"end":{"line":17,"column":59}},"16":{"start":{"line":19,"column":4},"end":{"line":27,"column":5}},"17":{"start":{"line":20,"column":23},"end":{"line":20,"column":40}},"18":{"start":{"line":21,"column":8},"end":{"line":21,"column":28}},"19":{"start":{"line":24,"column":8},"end":{"line":24,"column":32}},"20":{"start":{"line":25,"column":8},"end":{"line":26,"column":42}},"21":{"start":{"line":26,"column":12},"end":{"line":26,"column":42}},"22":{"start":{"line":28,"column":4},"end":{"line":28,"column":72}},"23":{"start":{"line":31,"column":0},"end":{"line":35,"column":3}},"24":{"start":{"line":33,"column":18},"end":{"line":33,"column":53}},"25":{"start":{"line":34,"column":4},"end":{"line":34,"column":20}},"26":{"start":{"line":37,"column":0},"end":{"line":41,"column":3}},"27":{"start":{"line":38,"column":17},"end":{"line":38,"column":51}},"28":{"start":{"line":39,"column":4},"end":{"line":39,"column":88}},"29":{"start":{"line":39,"column":15},"end":{"line":39,"column":88}},"30":{"start":{"line":40,"column":4},"end":{"line":40,"column":19}},"31":{"start":{"line":43,"column":0},"end":{"line":52,"column":3}},"32":{"start":{"line":44,"column":22},"end":{"line":44,"column":40}},"33":{"start":{"line":45,"column":4},"end":{"line":45,"column":69}},"34":{"start":{"line":45,"column":15},"end":{"line":45,"column":69}},"35":{"start":{"line":46,"column":17},"end":{"line":48,"column":22}},"36":{"start":{"line":49,"column":4},"end":{"line":49,"column":88}},"37":{"start":{"line":49,"column":15},"end":{"line":49,"column":88}},"38":{"start":{"line":51,"column":4},"end":{"line":51,"column":19}},"39":{"start":{"line":54,"column":0},"end":{"line":58,"column":3}},"40":{"start":{"line":55,"column":17},"end":{"line":55,"column":60}},"41":{"start":{"line":56,"column":4},"end":{"line":56,"column":88}},"42":{"start":{"line":56,"column":15},"end":{"line":56,"column":88}},"43":{"start":{"line":57,"column":4},"end":{"line":57,"column":19}},"44":{"start":{"line":60,"column":0},"end":{"line":60,"column":24}}},"fnMap":{"0":{"name":"(anonymous_0)","decl":{"start":{"line":8,"column":17},"end":{"line":8,"column":18}},"loc":{"start":{"line":8,"column":37},"end":{"line":29,"column":1}},"line":8},"1":{"name":"(anonymous_1)","decl":{"start":{"line":31,"column":22},"end":{"line":31,"column":23}},"loc":{"start":{"line":31,"column":41},"end":{"line":35,"column":1}},"line":31},"2":{"name":"(anonymous_2)","decl":{"start":{"line":37,"column":25},"end":{"line":37,"column":26}},"loc":{"start":{"line":37,"column":45},"end":{"line":41,"column":1}},"line":37},"3":{"name":"(anonymous_3)","decl":{"start":{"line":43,"column":25},"end":{"line":43,"column":26}},"loc":{"start":{"line":43,"column":45},"end":{"line":52,"column":1}},"line":43},"4":{"name":"(anonymous_4)","decl":{"start":{"line":54,"column":28},"end":{"line":54,"column":29}},"loc":{"start":{"line":54,"column":48},"end":{"line":58,"column":1}},"line":54}},"branchMap":{"0":{"loc":{"start":{"line":10,"column":4},"end":{"line":10,"column":69}},"type":"if","locations":[{"start":{"line":10,"column":4},"end":{"line":10,"column":69}},{"start":{"line":10,"column":4},"end":{"line":10,"column":69}}],"line":10},"1":{"loc":{"start":{"line":13,"column":4},"end":{"line":13,"column":70}},"type":"if","locations":[{"start":{"line":13,"column":4},"end":{"line":13,"column":70}},{"start":{"line":13,"column":4},"end":{"line":13,"column":70}}],"line":13},"2":{"loc":{"start":{"line":39,"column":4},"end":{"line":39,"column":88}},"type":"if","locations":[{"start":{"line":39,"column":4},"end":{"line":39,"column":88}},{"start":{"line":39,"column":4},"end":{"line":39,"column":88}}],"line":39},"3":{"loc":{"start":{"line":45,"column":4},"end":{"line":45,"column":69}},"type":"if","locations":[{"start":{"line":45,"column":4},"end":{"line":45,"column":69}},{"start":{"line":45,"column":4},"end":{"line":45,"column":69}}],"line":45},"4":{"loc":{"start":{"line":49,"column":4},"end":{"line":49,"column":88}},"type":"if","locations":[{"start":{"line":49,"column":4},"end":{"line":49,"column":88}},{"start":{"line":49,"column":4},"end":{"line":49,"column":88}}],"line":49},"5":{"loc":{"start":{"line":56,"column":4},"end":{"line":56,"column":88}},"type":"if","locations":[{"start":{"line":56,"column":4},"end":{"line":56,"column":88}},{"start":{"line":56,"column":4},"end":{"line":56,"column":88}}],"line":56}},"s":{"0":1,"1":1,"2":1,"3":1,"4":1,"5":1,"6":1,"7":0,"8":0,"9":0,"10":0,"11":0,"12":0,"13":0,"14":0,"15":0,"16":0,"17":0,"18":0,"19":0,"20":0,"21":0,"22":0,"23":1,"24":0,"25":0,"26":1,"27":0,"28":0,"29":0,"30":0,"31":1,"32":0,"33":0,"34":0,"35":0,"36":0,"37":0,"38":0,"39":1,"40":0,"41":0,"42":0,"43":0,"44":1},"f":{"0":0,"1":0,"2":0,"3":0,"4":0},"b":{"0":[0,0],"1":[0,0],"2":[0,0],"3":[0,0],"4":[0,0],"5":[0,0]},"_coverageSchema":"1a1c01bbd47fc00a2c39e90264f33305004495a9","hash":"44c51cd55cfd3f3a5ceca0c14120a82c0522101c"}
,"C:\\repo3\\cyrus\\startup\\config.js": {"path":"C:\\repo3\\cyrus\\startup\\config.js","statementMap":{"0":{"start":{"line":1,"column":15},"end":{"line":1,"column":32}},"1":{"start":{"line":3,"column":0},"end":{"line":7,"column":1}},"2":{"start":{"line":4,"column":4},"end":{"line":6,"column":5}},"3":{"start":{"line":5,"column":8},"end":{"line":5,"column":70}}},"fnMap":{"0":{"name":"(anonymous_0)","decl":{"start":{"line":3,"column":17},"end":{"line":3,"column":18}},"loc":{"start":{"line":3,"column":29},"end":{"line":7,"column":1}},"line":3}},"branchMap":{"0":{"loc":{"start":{"line":4,"column":4},"end":{"line":6,"column":5}},"type":"if","locations":[{"start":{"line":4,"column":4},"end":{"line":6,"column":5}},{"start":{"line":4,"column":4},"end":{"line":6,"column":5}}],"line":4}},"s":{"0":1,"1":1,"2":1,"3":0},"f":{"0":1},"b":{"0":[0,1]},"_coverageSchema":"1a1c01bbd47fc00a2c39e90264f33305004495a9","hash":"46cdbb8b54970d570c18d1f6aa8a7a882e623277"}
,"C:\\repo3\\cyrus\\startup\\db.js": {"path":"C:\\repo3\\cyrus\\startup\\db.js","statementMap":{"0":{"start":{"line":1,"column":17},"end":{"line":1,"column":36}},"1":{"start":{"line":2,"column":16},"end":{"line":2,"column":34}},"2":{"start":{"line":3,"column":15},"end":{"line":3,"column":32}},"3":{"start":{"line":5,"column":0},"end":{"line":13,"column":1}},"4":{"start":{"line":6,"column":15},"end":{"line":6,"column":31}},"5":{"start":{"line":7,"column":4},"end":{"line":12,"column":71}},"6":{"start":{"line":12,"column":19},"end":{"line":12,"column":69}}},"fnMap":{"0":{"name":"(anonymous_0)","decl":{"start":{"line":5,"column":17},"end":{"line":5,"column":18}},"loc":{"start":{"line":5,"column":28},"end":{"line":13,"column":1}},"line":5},"1":{"name":"(anonymous_1)","decl":{"start":{"line":12,"column":14},"end":{"line":12,"column":15}},"loc":{"start":{"line":12,"column":19},"end":{"line":12,"column":69}},"line":12}},"branchMap":{},"s":{"0":1,"1":1,"2":1,"3":1,"4":1,"5":1,"6":1},"f":{"0":1,"1":1},"b":{},"_coverageSchema":"1a1c01bbd47fc00a2c39e90264f33305004495a9","hash":"52da168bb8392e01d83470d8dbc29b5ecd3378d6"}
,"C:\\repo3\\cyrus\\startup\\logging.js": {"path":"C:\\repo3\\cyrus\\startup\\logging.js","statementMap":{"0":{"start":{"line":1,"column":16},"end":{"line":1,"column":34}},"1":{"start":{"line":2,"column":0},"end":{"line":2,"column":27}},"2":{"start":{"line":3,"column":0},"end":{"line":3,"column":32}},"3":{"start":{"line":5,"column":0},"end":{"line":21,"column":2}},"4":{"start":{"line":6,"column":4},"end":{"line":9,"column":6}},"5":{"start":{"line":11,"column":4},"end":{"line":13,"column":7}},"6":{"start":{"line":12,"column":8},"end":{"line":12,"column":17}},"7":{"start":{"line":15,"column":4},"end":{"line":15,"column":70}},"8":{"start":{"line":16,"column":4},"end":{"line":19,"column":7}}},"fnMap":{"0":{"name":"(anonymous_0)","decl":{"start":{"line":5,"column":17},"end":{"line":5,"column":18}},"loc":{"start":{"line":5,"column":29},"end":{"line":21,"column":1}},"line":5},"1":{"name":"(anonymous_1)","decl":{"start":{"line":11,"column":37},"end":{"line":11,"column":38}},"loc":{"start":{"line":11,"column":45},"end":{"line":13,"column":5}},"line":11}},"branchMap":{},"s":{"0":1,"1":1,"2":1,"3":1,"4":1,"5":1,"6":0,"7":1,"8":1},"f":{"0":1,"1":0},"b":{},"_coverageSchema":"1a1c01bbd47fc00a2c39e90264f33305004495a9","hash":"0489e613c60f9d3994c697708896c88b51bd42e2"}
,"C:\\repo3\\cyrus\\startup\\routes.js": {"path":"C:\\repo3\\cyrus\\startup\\routes.js","statementMap":{"0":{"start":{"line":1,"column":16},"end":{"line":1,"column":34}},"1":{"start":{"line":2,"column":13},"end":{"line":2,"column":40}},"2":{"start":{"line":3,"column":14},"end":{"line":3,"column":42}},"3":{"start":{"line":4,"column":23},"end":{"line":4,"column":60}},"4":{"start":{"line":5,"column":17},"end":{"line":5,"column":48}},"5":{"start":{"line":6,"column":19},"end":{"line":6,"column":53}},"6":{"start":{"line":7,"column":13},"end":{"line":7,"column":40}},"7":{"start":{"line":8,"column":14},"end":{"line":8,"column":46}},"8":{"start":{"line":10,"column":0},"end":{"line":19,"column":1}},"9":{"start":{"line":11,"column":4},"end":{"line":11,"column":28}},"10":{"start":{"line":12,"column":4},"end":{"line":12,"column":31}},"11":{"start":{"line":13,"column":4},"end":{"line":13,"column":33}},"12":{"start":{"line":14,"column":4},"end":{"line":14,"column":51}},"13":{"start":{"line":15,"column":4},"end":{"line":15,"column":39}},"14":{"start":{"line":16,"column":4},"end":{"line":16,"column":43}},"15":{"start":{"line":17,"column":4},"end":{"line":17,"column":31}},"16":{"start":{"line":18,"column":4},"end":{"line":18,"column":19}}},"fnMap":{"0":{"name":"(anonymous_0)","decl":{"start":{"line":10,"column":17},"end":{"line":10,"column":18}},"loc":{"start":{"line":10,"column":31},"end":{"line":19,"column":1}},"line":10}},"branchMap":{},"s":{"0":1,"1":1,"2":1,"3":1,"4":1,"5":1,"6":1,"7":1,"8":1,"9":1,"10":1,"11":1,"12":1,"13":1,"14":1,"15":1,"16":1},"f":{"0":1},"b":{},"_coverageSchema":"1a1c01bbd47fc00a2c39e90264f33305004495a9","hash":"cc0f4821bbaf3196912979817a6a7784d70d03dd"}
}
